{
  "RSpec": {
    "coverage": {
      "/home/sbarile/tic-tac-toe-rb-online-web-sp-000/lib/tic_tac_toe.rb": [
        1,
        2,
        2,
        2,
        2,
        2,
        null,
        null,
        null,
        1,
        null,
        null,
        null,
        null,
        null,
        null,
        null,
        null,
        1,
        0,
        0,
        0,
        0,
        null,
        0,
        0,
        0,
        null,
        0,
        0,
        null,
        null,
        0,
        null,
        null,
        1,
        3,
        null,
        null,
        1,
        3,
        null,
        null,
        1,
        6,
        3,
        null,
        3,
        null,
        null,
        null,
        1,
        3,
        1,
        null,
        null
      ]
    },
    "timestamp": 1557949539
  }
}
